var data = [{'startTime': '2020-05-27 19:40:25', 'duration': '0:00:00.000515', 'title': '雪球App自动化测试报告', 'status': '错误 5', 'desc': '用例执行情况', 'data': '\n    <div id="btn-group">\n    <div class="btn-group btn-group-sm">\n        <a class="btn btn-primary" onclick=\'javascript:showCase(0)\'>概要{ 0.00% }</a>\n        <a class="btn btn-warning" onclick=\'javascript:showCase(4)\'>错误{ 5 }</a>\n        <a class="btn btn-danger" onclick=\'javascript:showCase(1)\'>失败{ 0 }</a>\n        <a class="btn btn-success" onclick=\'javascript:showCase(2)\'>通过{ 0 }</a>\n        <a class="btn btn-info" onclick=\'javascript:showCase(3)\'>所有{ 5 }</a>\n    </div>\n    <p></p>\n    <table id=\'result_table\' class="table table-bordered">\n        <colgroup>\n            <col align=\'left\' />\n            <col align=\'right\' />\n            <col align=\'right\' />\n            <col align=\'right\' />\n            <col align=\'right\' />\n            <col align=\'right\' />\n            <col align=\'right\' />\n        </colgroup>\n        <tr id=\'header_row\'>\n            <td>测试套件/测试用例</td>\n            <td>总数</td>\n            <td>通过</td>\n            <td>失败</td>\n            <td>错误</td>\n            <th>视图</th>\n            <th>错误截图</th>\n        </tr>\n        \n    <tr class=\'errorClass\'>\n        <td>unittest.loader._FailedTest</td>\n        <td>5</td>\n        <td>0</td>\n        <td>0</td>\n        <td>5</td>\n        <td><a href="javascript:showClassDetail(\'c1\',5)">详情</a></td>\n        <td>&nbsp;</td>\n    </tr>\n\n<tr id=\'ft1.1\' class=\'none\'>\n    <td class=\'errorCase\'><div class=\'testcase\'>case_creategroup</div></td>\n    <td colspan=\'5\' align=\'center\'>\n    <!--css div popup start-->\n    <a class="popup_link" onfocus=\'this.blur();\' href="javascript:showTestDetail(\'div_ft1.1\')" >\n        错误</a>\n    <div id=\'div_ft1.1\' class="popup_window">\n        <div style=\'text-align: right; color:red;cursor:pointer\'>\n            <a onfocus=\'this.blur();\' onclick="document.getElementById(\'div_ft1.1\').style.display = \'none\' " >\n               [x]</a>\n        </div>\n        <pre>ft1.1: ImportError: Failed to import test module: case_creategroup\nTraceback (most recent call last):\n  File "/Library/Frameworks/Python.framework/Versions/3.6/lib/python3.6/unittest/loader.py", line 428, in _find_test_path\n    module = self._get_module_from_name(name)\n  File "/Library/Frameworks/Python.framework/Versions/3.6/lib/python3.6/unittest/loader.py", line 369, in _get_module_from_name\n    __import__(name)\n  File "/Users/xueqiu/PycharmProjects/AppiumPython/TestCase/case_creategroup.py", line 3, in &lt;module&gt;\n    from Page.CreateGroupPage import CreateGroup\n  File "/Users/xueqiu/PycharmProjects/AppiumPython/Page/CreateGroupPage.py", line 3, in &lt;module&gt;\n    from Page.BasePage import Action\n  File "/Users/xueqiu/PycharmProjects/AppiumPython/Page/BasePage.py", line 87\n    \n    ^\nSyntaxError: unexpected EOF while parsing\n\n</pre>\n    </div>\n    <!--css div popup end-->\n    </td>\n    <td>无截图</td>\n</tr>\n\n<tr id=\'ft1.2\' class=\'none\'>\n    <td class=\'errorCase\'><div class=\'testcase\'>case_deletegroup</div></td>\n    <td colspan=\'5\' align=\'center\'>\n    <!--css div popup start-->\n    <a class="popup_link" onfocus=\'this.blur();\' href="javascript:showTestDetail(\'div_ft1.2\')" >\n        错误</a>\n    <div id=\'div_ft1.2\' class="popup_window">\n        <div style=\'text-align: right; color:red;cursor:pointer\'>\n            <a onfocus=\'this.blur();\' onclick="document.getElementById(\'div_ft1.2\').style.display = \'none\' " >\n               [x]</a>\n        </div>\n        <pre>ft1.2: ImportError: Failed to import test module: case_deletegroup\nTraceback (most recent call last):\n  File "/Library/Frameworks/Python.framework/Versions/3.6/lib/python3.6/unittest/loader.py", line 428, in _find_test_path\n    module = self._get_module_from_name(name)\n  File "/Library/Frameworks/Python.framework/Versions/3.6/lib/python3.6/unittest/loader.py", line 369, in _get_module_from_name\n    __import__(name)\n  File "/Users/xueqiu/PycharmProjects/AppiumPython/TestCase/case_deletegroup.py", line 3, in &lt;module&gt;\n    from Page.DeleteGroupPage import DeleteGroup\n  File "/Users/xueqiu/PycharmProjects/AppiumPython/Page/DeleteGroupPage.py", line 1, in &lt;module&gt;\n    from Page.BasePage import Action\n  File "/Users/xueqiu/PycharmProjects/AppiumPython/Page/BasePage.py", line 87\n    \n    ^\nSyntaxError: unexpected EOF while parsing\n\n</pre>\n    </div>\n    <!--css div popup end-->\n    </td>\n    <td>无截图</td>\n</tr>\n\n<tr id=\'ft1.3\' class=\'none\'>\n    <td class=\'errorCase\'><div class=\'testcase\'>case_login</div></td>\n    <td colspan=\'5\' align=\'center\'>\n    <!--css div popup start-->\n    <a class="popup_link" onfocus=\'this.blur();\' href="javascript:showTestDetail(\'div_ft1.3\')" >\n        错误</a>\n    <div id=\'div_ft1.3\' class="popup_window">\n        <div style=\'text-align: right; color:red;cursor:pointer\'>\n            <a onfocus=\'this.blur();\' onclick="document.getElementById(\'div_ft1.3\').style.display = \'none\' " >\n               [x]</a>\n        </div>\n        <pre>ft1.3: ImportError: Failed to import test module: case_login\nTraceback (most recent call last):\n  File "/Library/Frameworks/Python.framework/Versions/3.6/lib/python3.6/unittest/loader.py", line 428, in _find_test_path\n    module = self._get_module_from_name(name)\n  File "/Library/Frameworks/Python.framework/Versions/3.6/lib/python3.6/unittest/loader.py", line 369, in _get_module_from_name\n    __import__(name)\n  File "/Users/xueqiu/PycharmProjects/AppiumPython/TestCase/case_login.py", line 6, in &lt;module&gt;\n    from Page.LoginPage import Login\n  File "/Users/xueqiu/PycharmProjects/AppiumPython/Page/LoginPage.py", line 5, in &lt;module&gt;\n    from Page.BasePage import Action\n  File "/Users/xueqiu/PycharmProjects/AppiumPython/Page/BasePage.py", line 87\n    \n    ^\nSyntaxError: unexpected EOF while parsing\n\n</pre>\n    </div>\n    <!--css div popup end-->\n    </td>\n    <td>无截图</td>\n</tr>\n\n<tr id=\'ft1.4\' class=\'none\'>\n    <td class=\'errorCase\'><div class=\'testcase\'>case_logout</div></td>\n    <td colspan=\'5\' align=\'center\'>\n    <!--css div popup start-->\n    <a class="popup_link" onfocus=\'this.blur();\' href="javascript:showTestDetail(\'div_ft1.4\')" >\n        错误</a>\n    <div id=\'div_ft1.4\' class="popup_window">\n        <div style=\'text-align: right; color:red;cursor:pointer\'>\n            <a onfocus=\'this.blur();\' onclick="document.getElementById(\'div_ft1.4\').style.display = \'none\' " >\n               [x]</a>\n        </div>\n        <pre>ft1.4: ImportError: Failed to import test module: case_logout\nTraceback (most recent call last):\n  File "/Library/Frameworks/Python.framework/Versions/3.6/lib/python3.6/unittest/loader.py", line 428, in _find_test_path\n    module = self._get_module_from_name(name)\n  File "/Library/Frameworks/Python.framework/Versions/3.6/lib/python3.6/unittest/loader.py", line 369, in _get_module_from_name\n    __import__(name)\n  File "/Users/xueqiu/PycharmProjects/AppiumPython/TestCase/case_logout.py", line 6, in &lt;module&gt;\n    from Page.LogoutPage import Logout\n  File "/Users/xueqiu/PycharmProjects/AppiumPython/Page/LogoutPage.py", line 5, in &lt;module&gt;\n    from Page.BasePage import Action\n  File "/Users/xueqiu/PycharmProjects/AppiumPython/Page/BasePage.py", line 87\n    \n    ^\nSyntaxError: unexpected EOF while parsing\n\n</pre>\n    </div>\n    <!--css div popup end-->\n    </td>\n    <td>无截图</td>\n</tr>\n\n<tr id=\'ft1.5\' class=\'none\'>\n    <td class=\'errorCase\'><div class=\'testcase\'>case_start</div></td>\n    <td colspan=\'5\' align=\'center\'>\n    <!--css div popup start-->\n    <a class="popup_link" onfocus=\'this.blur();\' href="javascript:showTestDetail(\'div_ft1.5\')" >\n        错误</a>\n    <div id=\'div_ft1.5\' class="popup_window">\n        <div style=\'text-align: right; color:red;cursor:pointer\'>\n            <a onfocus=\'this.blur();\' onclick="document.getElementById(\'div_ft1.5\').style.display = \'none\' " >\n               [x]</a>\n        </div>\n        <pre>ft1.5: ImportError: Failed to import test module: case_start\nTraceback (most recent call last):\n  File "/Library/Frameworks/Python.framework/Versions/3.6/lib/python3.6/unittest/loader.py", line 428, in _find_test_path\n    module = self._get_module_from_name(name)\n  File "/Library/Frameworks/Python.framework/Versions/3.6/lib/python3.6/unittest/loader.py", line 369, in _get_module_from_name\n    __import__(name)\n  File "/Users/xueqiu/PycharmProjects/AppiumPython/TestCase/case_start.py", line 6, in &lt;module&gt;\n    from Page.StartPage import Start\n  File "/Users/xueqiu/PycharmProjects/AppiumPython/Page/StartPage.py", line 9\n    def start_success(self):\n                           ^\nIndentationError: unindent does not match any outer indentation level\n\n</pre>\n    </div>\n    <!--css div popup end-->\n    </td>\n    <td>无截图</td>\n</tr>\n\n        <tr id=\'total_row\'>\n            <td>总计</td>\n            <td>5</td>\n            <td>0</td>\n            <td>0</td>\n            <td>5</td>\n            <td>&nbsp;</td>\n            <th>&nbsp;</th>\n        </tr>\n    </table>\n    </div>\n', 'error': '5'}]